<?xml version="1.0" encoding="UTF-8"?>
<testsuite xmlns:xsi="http://www.w3.org/2001/XMLSchema-instance" xsi:noNamespaceSchemaLocation="https://maven.apache.org/surefire/maven-surefire-plugin/xsd/surefire-test-report.xsd" version="3.0.2" name="com.project.transaction_fraud_monitor.TransactionFraudMonitorApplicationTests" time="2.244" tests="1" errors="0" skipped="0" failures="0">
  <properties>
[...]
</properties>
  <testcase name="contextLoads" classname="com.project.transaction_fraud_monitor.TransactionFraudMonitorApplicationTests" time="0.52">
    <system-out><![CDATA[04:30:34.907 [main] INFO org.springframework.test.context.support.AnnotationConfigContextLoaderUtils -- Could not detect default configuration classes for test class [com.project.transaction_fraud_monitor.TransactionFraudMonitorApplicationTests]: TransactionFraudMonitorApplicationTests does not declare any static, non-private, non-final, nested classes annotated with @Configuration.
04:30:34.990 [main] INFO org.springframework.boot.test.context.SpringBootTestContextBootstrapper -- Found @SpringBootConfiguration com.project.transaction_fraud_monitor.TransactionFraudMonitorApplication for test class com.project.transaction_fraud_monitor.TransactionFraudMonitorApplicationTests
04:30:35.114 [main] INFO org.springframework.boot.devtools.restart.RestartApplicationListener -- Restart disabled due to context in which it is running

  .   ____          _            __ _ _
 /\\ / ___'_ __ _ _(_)_ __  __ _ \ \ \ \
( ( )\___ | '_ | '_| | '_ \/ _` | \ \ \ \
 \\/  ___)| |_)| | | | | || (_| |  ) ) ) )
  '  |____| .__|_| |_|_| |_\__, | / / / /
 =========|_|==============|___/=/_/_/_/

 :: Spring Boot ::                (v3.4.1)

2024-12-21T04:30:35.304+05:30  INFO 16616 --- [transaction_fraud_monitor] [           main] .TransactionFraudMonitorApplicationTests : Starting TransactionFraudMonitorApplicationTests using Java 21.0.4 with PID 16616 (started by vedan in C:\Users\vedan\OneDrive\Desktop\Personal Workspace Projetcs\transaction_monitor\transaction_fraud_monitor\transaction_fraud_monitor)
2024-12-21T04:30:35.305+05:30  INFO 16616 --- [transaction_fraud_monitor] [           main] .TransactionFraudMonitorApplicationTests : No active profile set, falling back to 1 default profile: "default"
2024-12-21T04:30:36.111+05:30  INFO 16616 --- [transaction_fraud_monitor] [           main] r$InitializeUserDetailsManagerConfigurer : Global AuthenticationManager configured with UserDetailsService bean with name userDetailsService
2024-12-21T04:30:36.493+05:30  INFO 16616 --- [transaction_fraud_monitor] [           main] .TransactionFraudMonitorApplicationTests : Started TransactionFraudMonitorApplicationTests in 1.391 seconds (process running for 2.103)
]]></system-out>
    <system-err><![CDATA[Mockito is currently self-attaching to enable the inline-mock-maker. This will no longer work in future releases of the JDK. Please add Mockito as an agent to your build what is described in Mockito's documentation: https://javadoc.io/doc/org.mockito/mockito-core/latest/org/mockito/Mockito.html#0.3
WARNING: A Java agent has been loaded dynamically (C:\Users\vedan\.m2\repository\net\bytebuddy\byte-buddy-agent\1.15.11\byte-buddy-agent-1.15.11.jar)
WARNING: If a serviceability tool is in use, please run with -XX:+EnableDynamicAgentLoading to hide this warning
WARNING: If a serviceability tool is not in use, please run with -Djdk.instrument.traceUsage for more information
WARNING: Dynamic loading of agents will be disallowed by default in a future release
]]></system-err>
  </testcase>
</testsuite>